<?xml version="1.0" encoding="UTF-8"?>
<!-- Generated by org.testng.reporters.JUnitReportReporter -->
<testsuite hostname="Rishu" failures="0" tests="1" name="rojaRunners.sampleRunner" time="7.901" errors="0" timestamp="2023-09-27T19:30:49 IST" skipped="0">
  <testcase classname="rojaRunners.sampleRunner" name="runScenario" time="7.901"/>
  <system-out/>
</testsuite> <!-- rojaRunners.sampleRunner -->
